<?xml version="1.0" encoding="UTF-8"?>
<testsuites>
  <testsuite name="augmentGrid" timestamp="2024-11-01T14:47:54Z" hostname="d9f13efd67ed" tests="14" skipped="0" failures="0" errors="0" time="0.242">
    <testcase time="0.172" classname="augmentGrid" name="augmentGrid_works"/>
    <testcase time="0.02" classname="augmentGrid" name="augmentGrid_works"/>
    <testcase time="0.013" classname="augmentGrid" name="augmentGrid_works"/>
    <testcase time="0.004" classname="augmentGrid" name="augmentGrid_works"/>
    <testcase time="0.003" classname="augmentGrid" name="augmentGrid_works"/>
    <testcase time="0.003" classname="augmentGrid" name="augmentGrid_works"/>
    <testcase time="0.004" classname="augmentGrid" name="augmentGrid_works"/>
    <testcase time="0.003" classname="augmentGrid" name="augmentGrid_works"/>
    <testcase time="0.003" classname="augmentGrid" name="augmentGrid_works"/>
    <testcase time="0.004" classname="augmentGrid" name="augmentGrid_works"/>
    <testcase time="0.003" classname="augmentGrid" name="augmentGrid_works"/>
    <testcase time="0.003" classname="augmentGrid" name="augmentGrid_works"/>
    <testcase time="0.004" classname="augmentGrid" name="augmentGrid_works"/>
    <testcase time="0.003" classname="augmentGrid" name="augmentGrid_works"/>
  </testsuite>
  <testsuite name="createGrid" timestamp="2024-11-01T14:47:54Z" hostname="d9f13efd67ed" tests="37" skipped="0" failures="0" errors="0" time="0.269">
    <testcase time="0.0379999999999999" classname="createGrid" name="createGrid_works"/>
    <testcase time="0.004" classname="createGrid" name="createGrid_works"/>
    <testcase time="0.005" classname="createGrid" name="createGrid_works"/>
    <testcase time="0.005" classname="createGrid" name="createGrid_works"/>
    <testcase time="0.003" classname="createGrid" name="createGrid_works"/>
    <testcase time="0.003" classname="createGrid" name="createGrid_works"/>
    <testcase time="0.003" classname="createGrid" name="createGrid_works"/>
    <testcase time="0.002" classname="createGrid" name="createGrid_works"/>
    <testcase time="0.003" classname="createGrid" name="createGrid_works"/>
    <testcase time="0.003" classname="createGrid" name="createGrid_works"/>
    <testcase time="0.002" classname="createGrid" name="createGrid_works"/>
    <testcase time="0.003" classname="createGrid" name="createGrid_works"/>
    <testcase time="0.003" classname="createGrid" name="createGrid_works"/>
    <testcase time="0.003" classname="createGrid" name="createGrid_works"/>
    <testcase time="0.004" classname="createGrid" name="createGrid_works"/>
    <testcase time="0.003" classname="createGrid" name="createGrid_works"/>
    <testcase time="0.003" classname="createGrid" name="createGrid_works"/>
    <testcase time="0.004" classname="createGrid" name="createGrid_works"/>
    <testcase time="0.003" classname="createGrid" name="createGrid_works"/>
    <testcase time="0.026" classname="createGrid" name="createGrid_works"/>
    <testcase time="0.004" classname="createGrid" name="createGrid_works"/>
    <testcase time="0.005" classname="createGrid" name="createGrid_works"/>
    <testcase time="0.005" classname="createGrid" name="createGrid_works"/>
    <testcase time="0.003" classname="createGrid" name="createGrid_works"/>
    <testcase time="0.002" classname="createGrid" name="createGrid_works"/>
    <testcase time="0.003" classname="createGrid" name="createGrid_works"/>
    <testcase time="0.003" classname="createGrid" name="createGrid_works"/>
    <testcase time="0.00299999999999989" classname="createGrid" name="createGrid_works"/>
    <testcase time="0.002" classname="createGrid" name="createGrid_works"/>
    <testcase time="0.003" classname="createGrid" name="createGrid_works"/>
    <testcase time="0.003" classname="createGrid" name="createGrid_works"/>
    <testcase time="0.003" classname="createGrid" name="createGrid_works"/>
    <testcase time="0.004" classname="createGrid" name="createGrid_works"/>
    <testcase time="0.003" classname="createGrid" name="createGrid_works"/>
    <testcase time="0.003" classname="createGrid" name="createGrid_works"/>
    <testcase time="0.00600000000000001" classname="createGrid" name="createGrid_works"/>
    <testcase time="0.0910000000000001" classname="createGrid" name="createGrid_works_when_both_nMin_and_nMax_are_specified_and_logging_is_enabled"/>
  </testsuite>
  <testsuite name="isAugmentedGrid" timestamp="2024-11-01T14:47:54Z" hostname="d9f13efd67ed" tests="10" skipped="0" failures="0" errors="0" time="0.171">
    <testcase time="0.0489999999999999" classname="isAugmentedGrid" name="isAugmented_correctly_identifies_augmented_grids"/>
    <testcase time="0.014" classname="isAugmentedGrid" name="isAugmented_correctly_identifies_augmented_grids"/>
    <testcase time="0.014" classname="isAugmentedGrid" name="isAugmented_correctly_identifies_augmented_grids"/>
    <testcase time="0.0129999999999999" classname="isAugmentedGrid" name="isAugmented_correctly_identifies_augmented_grids"/>
    <testcase time="0.0130000000000001" classname="isAugmentedGrid" name="isAugmented_correctly_identifies_augmented_grids"/>
    <testcase time="0.0169999999999999" classname="isAugmentedGrid" name="isAugmented_correctly_identifies_augmented_grids"/>
    <testcase time="0.0130000000000001" classname="isAugmentedGrid" name="isAugmented_correctly_identifies_augmented_grids"/>
    <testcase time="0.014" classname="isAugmentedGrid" name="isAugmented_correctly_identifies_augmented_grids"/>
    <testcase time="0.0129999999999999" classname="isAugmentedGrid" name="isAugmented_correctly_identifies_augmented_grids"/>
    <testcase time="0.0110000000000001" classname="isAugmentedGrid" name="isAugmented_correctly_identifies_augmented_grids"/>
  </testsuite>
  <testsuite name="isBasicGrid" timestamp="2024-11-01T14:47:55Z" hostname="d9f13efd67ed" tests="9" skipped="0" failures="0" errors="0" time="0.089">
    <testcase time="0.024" classname="isBasicGrid" name="isBasicGrid_correctly_identifies_basic_grids"/>
    <testcase time="0.00799999999999979" classname="isBasicGrid" name="isBasicGrid_correctly_identifies_basic_grids"/>
    <testcase time="0.00700000000000012" classname="isBasicGrid" name="isBasicGrid_correctly_identifies_basic_grids"/>
    <testcase time="0.00800000000000001" classname="isBasicGrid" name="isBasicGrid_correctly_identifies_basic_grids"/>
    <testcase time="0.00800000000000001" classname="isBasicGrid" name="isBasicGrid_correctly_identifies_basic_grids"/>
    <testcase time="0.01" classname="isBasicGrid" name="isBasicGrid_correctly_identifies_basic_grids"/>
    <testcase time="0.0089999999999999" classname="isBasicGrid" name="isBasicGrid_correctly_identifies_basic_grids"/>
    <testcase time="0.00700000000000012" classname="isBasicGrid" name="isBasicGrid_correctly_identifies_basic_grids"/>
    <testcase time="0.00800000000000001" classname="isBasicGrid" name="isBasicGrid_correctly_identifies_basic_grids"/>
  </testsuite>
  <testsuite name="isManderGrid" timestamp="2024-11-01T14:47:55Z" hostname="d9f13efd67ed" tests="10" skipped="0" failures="0" errors="0" time="0.174">
    <testcase time="0.028" classname="isManderGrid" name="isManderGrid_correctly_identifies_Mander_grids"/>
    <testcase time="0.0329999999999999" classname="isManderGrid" name="isManderGrid_correctly_identifies_Mander_grids"/>
    <testcase time="0.014" classname="isManderGrid" name="isManderGrid_correctly_identifies_Mander_grids"/>
    <testcase time="0.0129999999999999" classname="isManderGrid" name="isManderGrid_correctly_identifies_Mander_grids"/>
    <testcase time="0.014" classname="isManderGrid" name="isManderGrid_correctly_identifies_Mander_grids"/>
    <testcase time="0.0130000000000001" classname="isManderGrid" name="isManderGrid_correctly_identifies_Mander_grids"/>
    <testcase time="0.016" classname="isManderGrid" name="isManderGrid_correctly_identifies_Mander_grids"/>
    <testcase time="0.014" classname="isManderGrid" name="isManderGrid_correctly_identifies_Mander_grids"/>
    <testcase time="0.0149999999999999" classname="isManderGrid" name="isManderGrid_correctly_identifies_Mander_grids"/>
    <testcase time="0.014" classname="isManderGrid" name="isManderGrid_correctly_identifies_Mander_grids"/>
  </testsuite>
  <testsuite name="obtainDesign" timestamp="2024-11-01T14:47:55Z" hostname="d9f13efd67ed" tests="3" skipped="0" failures="0" errors="0" time="235.894">
    <testcase time="11.191" classname="obtainDesign" name="obtainDesign_works"/>
    <testcase time="45.352" classname="obtainDesign" name="obtainDesign_works"/>
    <testcase time="179.351" classname="obtainDesign" name="obtainDesign_works"/>
  </testsuite>
  <testsuite name="powerPlot" timestamp="2024-11-01T14:51:51Z" hostname="d9f13efd67ed" tests="2" skipped="0" failures="0" errors="0" time="0.406">
    <testcase time="0.370000000000005" classname="powerPlot" name="multiplication_works"/>
    <testcase time="0.0360000000000014" classname="powerPlot" name="multiplication_works"/>
  </testsuite>
  <testsuite name="searchBounds" timestamp="2024-11-01T14:51:51Z" hostname="d9f13efd67ed" tests="1" skipped="0" failures="0" errors="0" time="0.011">
    <testcase time="0.0109999999999957" classname="searchBounds" name="searchBounds_works"/>
  </testsuite>
  <testsuite name="validation" timestamp="2024-11-01T14:51:51Z" hostname="d9f13efd67ed" tests="43" skipped="0" failures="0" errors="0" time="0.263">
    <testcase time="0.0120000000000005" classname="validation" name="createGrid_returns_appropriate_error_with_bad_input"/>
    <testcase time="0.00500000000002387" classname="validation" name="createGrid_returns_appropriate_error_with_bad_input"/>
    <testcase time="0.00399999999999068" classname="validation" name="createGrid_returns_appropriate_error_with_bad_input"/>
    <testcase time="0.00800000000000978" classname="validation" name="createGrid_returns_appropriate_error_with_bad_input"/>
    <testcase time="0.00499999999999545" classname="validation" name="createGrid_returns_appropriate_error_with_bad_input"/>
    <testcase time="0.00499999999999545" classname="validation" name="createGrid_returns_appropriate_error_with_bad_input"/>
    <testcase time="0.00399999999999068" classname="validation" name="createGrid_returns_appropriate_error_with_bad_input"/>
    <testcase time="0.00499999999999545" classname="validation" name="createGrid_returns_appropriate_error_with_bad_input"/>
    <testcase time="0.00500000000002387" classname="validation" name="createGrid_returns_appropriate_error_with_bad_input"/>
    <testcase time="0.00499999999999545" classname="validation" name="createGrid_returns_appropriate_error_with_bad_input"/>
    <testcase time="0.00699999999997658" classname="validation" name="createGrid_returns_appropriate_error_with_bad_input"/>
    <testcase time="0.00800000000000978" classname="validation" name="createGrid_returns_appropriate_error_with_bad_input"/>
    <testcase time="0.00800000000000978" classname="validation" name="createGrid_returns_appropriate_error_with_bad_input"/>
    <testcase time="0.00499999999999545" classname="validation" name="createGrid_returns_appropriate_error_with_bad_input"/>
    <testcase time="0.00800000000000978" classname="validation" name="createGrid_returns_appropriate_error_with_bad_input"/>
    <testcase time="0.00999999999999091" classname="validation" name="createGrid_returns_appropriate_error_with_bad_input"/>
    <testcase time="0.00499999999999545" classname="validation" name="createGrid_returns_appropriate_error_with_bad_input"/>
    <testcase time="0.00800000000000978" classname="validation" name="createGrid_returns_appropriate_error_with_bad_input"/>
    <testcase time="0.00899999999998613" classname="validation" name="createGrid_returns_appropriate_error_with_bad_input"/>
    <testcase time="0.0040000000000191" classname="validation" name="createGrid_returns_appropriate_error_with_bad_input"/>
    <testcase time="0.00499999999999545" classname="validation" name="createGrid_returns_appropriate_error_with_bad_input"/>
    <testcase time="0.00799999999998136" classname="validation" name="createGrid_returns_appropriate_error_with_bad_input"/>
    <testcase time="0.0040000000000191" classname="validation" name="createGrid_returns_appropriate_error_with_bad_input"/>
    <testcase time="0.00499999999999545" classname="validation" name="createGrid_returns_appropriate_error_with_bad_input"/>
    <testcase time="0.00800000000000978" classname="validation" name="obtainDesign_returns_appropriate_error_with_bad_input"/>
    <testcase time="0.00499999999999545" classname="validation" name="obtainDesign_returns_appropriate_error_with_bad_input"/>
    <testcase time="0.00499999999999545" classname="validation" name="obtainDesign_returns_appropriate_error_with_bad_input"/>
    <testcase time="0.00800000000000978" classname="validation" name="obtainDesign_returns_appropriate_error_with_bad_input"/>
    <testcase time="0.00499999999999545" classname="validation" name="obtainDesign_returns_appropriate_error_with_bad_input"/>
    <testcase time="0.00499999999999545" classname="validation" name="obtainDesign_returns_appropriate_error_with_bad_input"/>
    <testcase time="0.00399999999999068" classname="validation" name="obtainDesign_returns_appropriate_error_with_bad_input"/>
    <testcase time="0.00600000000000023" classname="validation" name="obtainDesign_returns_appropriate_error_with_bad_input"/>
    <testcase time="0.00399999999999068" classname="validation" name="obtainDesign_returns_appropriate_error_with_bad_input"/>
    <testcase time="0.00500000000002387" classname="validation" name="obtainDesign_returns_appropriate_error_with_bad_input"/>
    <testcase time="0.00799999999998136" classname="validation" name="obtainDesign_returns_appropriate_error_with_bad_input"/>
    <testcase time="0.00499999999999545" classname="validation" name="obtainDesign_returns_appropriate_error_with_bad_input"/>
    <testcase time="0.00500000000002387" classname="validation" name="obtainDesign_returns_appropriate_error_with_bad_input"/>
    <testcase time="0.00499999999999545" classname="validation" name="obtainDesign_returns_appropriate_error_with_bad_input"/>
    <testcase time="0.00499999999999545" classname="validation" name="obtainDesign_returns_appropriate_error_with_bad_input"/>
    <testcase time="0.00399999999999068" classname="validation" name="obtainDesign_returns_appropriate_error_with_bad_input"/>
    <testcase time="0.00900000000001455" classname="validation" name="obtainDesign_returns_appropriate_error_with_bad_input"/>
    <testcase time="0.00899999999998613" classname="validation" name="powerPlot_returns_appropriate_error_with_bad_input"/>
    <testcase time="0.00600000000000023" classname="validation" name="powerPlot_returns_appropriate_error_with_bad_input"/>
  </testsuite>
</testsuites>
