<?xml version="1.0" encoding="UTF-8"?>
<testsuites>
  <testsuite name="augmentGrid" timestamp="2024-11-01T08:02:22Z" hostname="e472c032cfa7" tests="14" skipped="0" failures="0" errors="0" time="0.248">
    <testcase time="0.176" classname="augmentGrid" name="augmentGrid_works"/>
    <testcase time="0.021" classname="augmentGrid" name="augmentGrid_works"/>
    <testcase time="0.014" classname="augmentGrid" name="augmentGrid_works"/>
    <testcase time="0.004" classname="augmentGrid" name="augmentGrid_works"/>
    <testcase time="0.003" classname="augmentGrid" name="augmentGrid_works"/>
    <testcase time="0.003" classname="augmentGrid" name="augmentGrid_works"/>
    <testcase time="0.004" classname="augmentGrid" name="augmentGrid_works"/>
    <testcase time="0.00299999999999989" classname="augmentGrid" name="augmentGrid_works"/>
    <testcase time="0.003" classname="augmentGrid" name="augmentGrid_works"/>
    <testcase time="0.004" classname="augmentGrid" name="augmentGrid_works"/>
    <testcase time="0.003" classname="augmentGrid" name="augmentGrid_works"/>
    <testcase time="0.003" classname="augmentGrid" name="augmentGrid_works"/>
    <testcase time="0.004" classname="augmentGrid" name="augmentGrid_works"/>
    <testcase time="0.003" classname="augmentGrid" name="augmentGrid_works"/>
  </testsuite>
  <testsuite name="createGrid" timestamp="2024-11-01T08:02:22Z" hostname="e472c032cfa7" tests="38" skipped="0" failures="0" errors="1" time="0.287">
    <testcase time="0.041" classname="createGrid" name="createGrid_works"/>
    <testcase time="0.004" classname="createGrid" name="createGrid_works"/>
    <testcase time="0.005" classname="createGrid" name="createGrid_works"/>
    <testcase time="0.00600000000000001" classname="createGrid" name="createGrid_works"/>
    <testcase time="0.003" classname="createGrid" name="createGrid_works"/>
    <testcase time="0.003" classname="createGrid" name="createGrid_works"/>
    <testcase time="0.003" classname="createGrid" name="createGrid_works"/>
    <testcase time="0.002" classname="createGrid" name="createGrid_works"/>
    <testcase time="0.003" classname="createGrid" name="createGrid_works"/>
    <testcase time="0.003" classname="createGrid" name="createGrid_works"/>
    <testcase time="0.003" classname="createGrid" name="createGrid_works"/>
    <testcase time="0.002" classname="createGrid" name="createGrid_works"/>
    <testcase time="0.004" classname="createGrid" name="createGrid_works"/>
    <testcase time="0.003" classname="createGrid" name="createGrid_works"/>
    <testcase time="0.003" classname="createGrid" name="createGrid_works"/>
    <testcase time="0.004" classname="createGrid" name="createGrid_works"/>
    <testcase time="0.003" classname="createGrid" name="createGrid_works"/>
    <testcase time="0.004" classname="createGrid" name="createGrid_works"/>
    <testcase time="0.003" classname="createGrid" name="createGrid_works"/>
    <testcase time="0.0289999999999999" classname="createGrid" name="createGrid_works"/>
    <testcase time="0.004" classname="createGrid" name="createGrid_works"/>
    <testcase time="0.00600000000000001" classname="createGrid" name="createGrid_works"/>
    <testcase time="0.005" classname="createGrid" name="createGrid_works"/>
    <testcase time="0.00300000000000011" classname="createGrid" name="createGrid_works"/>
    <testcase time="0.00299999999999989" classname="createGrid" name="createGrid_works"/>
    <testcase time="0.002" classname="createGrid" name="createGrid_works"/>
    <testcase time="0.002" classname="createGrid" name="createGrid_works"/>
    <testcase time="0.00299999999999989" classname="createGrid" name="createGrid_works"/>
    <testcase time="0.00300000000000011" classname="createGrid" name="createGrid_works"/>
    <testcase time="0.00299999999999989" classname="createGrid" name="createGrid_works"/>
    <testcase time="0.002" classname="createGrid" name="createGrid_works"/>
    <testcase time="0.004" classname="createGrid" name="createGrid_works"/>
    <testcase time="0.00299999999999989" classname="createGrid" name="createGrid_works"/>
    <testcase time="0.00300000000000011" classname="createGrid" name="createGrid_works"/>
    <testcase time="0.004" classname="createGrid" name="createGrid_works"/>
    <testcase time="0.00600000000000001" classname="createGrid" name="createGrid_works"/>
    <testcase time="0.0940000000000001" classname="createGrid" name="createGrid_works_when_both_nMin_and_nMax_are_specified_and_logging_is_enabled"/>
    <testcase time="0.00600000000000001" classname="createGrid" name="createGrid_works_when_both_nMin_and_nMax_are_specified_and_logging_is_enabled">
      <error type="error" message="Error in `defer(futile.logger::flog.threshold(oldThreshold))`: could not find function &quot;defer&quot; ('test-createGrid.R:62:3')">Error in `defer(futile.logger::flog.threshold(oldThreshold))`: could not find function "defer"</error>
    </testcase>
  </testsuite>
  <testsuite name="isAugmentedGrid" timestamp="2024-11-01T08:02:23Z" hostname="e472c032cfa7" tests="10" skipped="0" failures="0" errors="0" time="0.196">
    <testcase time="0.0669999999999999" classname="isAugmentedGrid" name="isAugmented_correctly_identifies_augmented_grids"/>
    <testcase time="0.0149999999999999" classname="isAugmentedGrid" name="isAugmented_correctly_identifies_augmented_grids"/>
    <testcase time="0.0130000000000001" classname="isAugmentedGrid" name="isAugmented_correctly_identifies_augmented_grids"/>
    <testcase time="0.0170000000000001" classname="isAugmentedGrid" name="isAugmented_correctly_identifies_augmented_grids"/>
    <testcase time="0.0129999999999999" classname="isAugmentedGrid" name="isAugmented_correctly_identifies_augmented_grids"/>
    <testcase time="0.014" classname="isAugmentedGrid" name="isAugmented_correctly_identifies_augmented_grids"/>
    <testcase time="0.014" classname="isAugmentedGrid" name="isAugmented_correctly_identifies_augmented_grids"/>
    <testcase time="0.0169999999999999" classname="isAugmentedGrid" name="isAugmented_correctly_identifies_augmented_grids"/>
    <testcase time="0.0150000000000001" classname="isAugmentedGrid" name="isAugmented_correctly_identifies_augmented_grids"/>
    <testcase time="0.0109999999999999" classname="isAugmentedGrid" name="isAugmented_correctly_identifies_augmented_grids"/>
  </testsuite>
  <testsuite name="isBasicGrid" timestamp="2024-11-01T08:02:23Z" hostname="e472c032cfa7" tests="9" skipped="0" failures="0" errors="0" time="0.115">
    <testcase time="0.022" classname="isBasicGrid" name="isBasicGrid_correctly_identifies_basic_grids"/>
    <testcase time="0.0110000000000001" classname="isBasicGrid" name="isBasicGrid_correctly_identifies_basic_grids"/>
    <testcase time="0.00800000000000001" classname="isBasicGrid" name="isBasicGrid_correctly_identifies_basic_grids"/>
    <testcase time="0.00800000000000001" classname="isBasicGrid" name="isBasicGrid_correctly_identifies_basic_grids"/>
    <testcase time="0.00800000000000001" classname="isBasicGrid" name="isBasicGrid_correctly_identifies_basic_grids"/>
    <testcase time="0.00800000000000001" classname="isBasicGrid" name="isBasicGrid_correctly_identifies_basic_grids"/>
    <testcase time="0.0089999999999999" classname="isBasicGrid" name="isBasicGrid_correctly_identifies_basic_grids"/>
    <testcase time="0.00800000000000001" classname="isBasicGrid" name="isBasicGrid_correctly_identifies_basic_grids"/>
    <testcase time="0.0329999999999999" classname="isBasicGrid" name="isBasicGrid_correctly_identifies_basic_grids"/>
  </testsuite>
  <testsuite name="isManderGrid" timestamp="2024-11-01T08:02:23Z" hostname="e472c032cfa7" tests="10" skipped="0" failures="0" errors="0" time="0.16">
    <testcase time="0.03" classname="isManderGrid" name="isManderGrid_correctly_identifies_Mander_grids"/>
    <testcase time="0.014" classname="isManderGrid" name="isManderGrid_correctly_identifies_Mander_grids"/>
    <testcase time="0.014" classname="isManderGrid" name="isManderGrid_correctly_identifies_Mander_grids"/>
    <testcase time="0.018" classname="isManderGrid" name="isManderGrid_correctly_identifies_Mander_grids"/>
    <testcase time="0.0129999999999999" classname="isManderGrid" name="isManderGrid_correctly_identifies_Mander_grids"/>
    <testcase time="0.014" classname="isManderGrid" name="isManderGrid_correctly_identifies_Mander_grids"/>
    <testcase time="0.014" classname="isManderGrid" name="isManderGrid_correctly_identifies_Mander_grids"/>
    <testcase time="0.0170000000000001" classname="isManderGrid" name="isManderGrid_correctly_identifies_Mander_grids"/>
    <testcase time="0.0129999999999999" classname="isManderGrid" name="isManderGrid_correctly_identifies_Mander_grids"/>
    <testcase time="0.0129999999999999" classname="isManderGrid" name="isManderGrid_correctly_identifies_Mander_grids"/>
  </testsuite>
  <testsuite name="obtainDesign" timestamp="2024-11-01T08:02:23Z" hostname="e472c032cfa7" tests="3" skipped="0" failures="0" errors="0" time="236.135">
    <testcase time="11.205" classname="obtainDesign" name="obtainDesign_works"/>
    <testcase time="45.275" classname="obtainDesign" name="obtainDesign_works"/>
    <testcase time="179.655" classname="obtainDesign" name="obtainDesign_works"/>
  </testsuite>
  <testsuite name="powerPlot" timestamp="2024-11-01T08:06:19Z" hostname="e472c032cfa7" tests="2" skipped="0" failures="0" errors="0" time="0.44">
    <testcase time="0.40100000000001" classname="powerPlot" name="multiplication_works"/>
    <testcase time="0.0389999999999873" classname="powerPlot" name="multiplication_works"/>
  </testsuite>
  <testsuite name="searchBounds" timestamp="2024-11-01T08:06:20Z" hostname="e472c032cfa7" tests="1" skipped="0" failures="0" errors="0" time="0.011">
    <testcase time="0.0109999999999957" classname="searchBounds" name="searchBounds_works"/>
  </testsuite>
  <testsuite name="validation" timestamp="2024-11-01T08:06:20Z" hostname="e472c032cfa7" tests="43" skipped="0" failures="0" errors="0" time="0.272">
    <testcase time="0.01400000000001" classname="validation" name="createGrid_returns_appropriate_error_with_bad_input"/>
    <testcase time="0.00499999999999545" classname="validation" name="createGrid_returns_appropriate_error_with_bad_input"/>
    <testcase time="0.00499999999999545" classname="validation" name="createGrid_returns_appropriate_error_with_bad_input"/>
    <testcase time="0.00500000000002387" classname="validation" name="createGrid_returns_appropriate_error_with_bad_input"/>
    <testcase time="0.00499999999999545" classname="validation" name="createGrid_returns_appropriate_error_with_bad_input"/>
    <testcase time="0.00499999999999545" classname="validation" name="createGrid_returns_appropriate_error_with_bad_input"/>
    <testcase time="0.00499999999999545" classname="validation" name="createGrid_returns_appropriate_error_with_bad_input"/>
    <testcase time="0.00800000000000978" classname="validation" name="createGrid_returns_appropriate_error_with_bad_input"/>
    <testcase time="0.00499999999999545" classname="validation" name="createGrid_returns_appropriate_error_with_bad_input"/>
    <testcase time="0.00399999999999068" classname="validation" name="createGrid_returns_appropriate_error_with_bad_input"/>
    <testcase time="0.00600000000000023" classname="validation" name="createGrid_returns_appropriate_error_with_bad_input"/>
    <testcase time="0.00999999999999091" classname="validation" name="createGrid_returns_appropriate_error_with_bad_input"/>
    <testcase time="0.00900000000001455" classname="validation" name="createGrid_returns_appropriate_error_with_bad_input"/>
    <testcase time="0.00800000000000978" classname="validation" name="createGrid_returns_appropriate_error_with_bad_input"/>
    <testcase time="0.00799999999998136" classname="validation" name="createGrid_returns_appropriate_error_with_bad_input"/>
    <testcase time="0.00800000000000978" classname="validation" name="createGrid_returns_appropriate_error_with_bad_input"/>
    <testcase time="0.00499999999999545" classname="validation" name="createGrid_returns_appropriate_error_with_bad_input"/>
    <testcase time="0.00900000000001455" classname="validation" name="createGrid_returns_appropriate_error_with_bad_input"/>
    <testcase time="0.00999999999999091" classname="validation" name="createGrid_returns_appropriate_error_with_bad_input"/>
    <testcase time="0.00499999999999545" classname="validation" name="createGrid_returns_appropriate_error_with_bad_input"/>
    <testcase time="0.00499999999999545" classname="validation" name="createGrid_returns_appropriate_error_with_bad_input"/>
    <testcase time="0.00499999999999545" classname="validation" name="createGrid_returns_appropriate_error_with_bad_input"/>
    <testcase time="0.00500000000002387" classname="validation" name="createGrid_returns_appropriate_error_with_bad_input"/>
    <testcase time="0.00499999999999545" classname="validation" name="createGrid_returns_appropriate_error_with_bad_input"/>
    <testcase time="0.00999999999999091" classname="validation" name="obtainDesign_returns_appropriate_error_with_bad_input"/>
    <testcase time="0.00499999999999545" classname="validation" name="obtainDesign_returns_appropriate_error_with_bad_input"/>
    <testcase time="0.00499999999999545" classname="validation" name="obtainDesign_returns_appropriate_error_with_bad_input"/>
    <testcase time="0.00499999999999545" classname="validation" name="obtainDesign_returns_appropriate_error_with_bad_input"/>
    <testcase time="0.00500000000002387" classname="validation" name="obtainDesign_returns_appropriate_error_with_bad_input"/>
    <testcase time="0.00499999999999545" classname="validation" name="obtainDesign_returns_appropriate_error_with_bad_input"/>
    <testcase time="0.007000000000005" classname="validation" name="obtainDesign_returns_appropriate_error_with_bad_input"/>
    <testcase time="0.00499999999999545" classname="validation" name="obtainDesign_returns_appropriate_error_with_bad_input"/>
    <testcase time="0.00499999999999545" classname="validation" name="obtainDesign_returns_appropriate_error_with_bad_input"/>
    <testcase time="0.00499999999999545" classname="validation" name="obtainDesign_returns_appropriate_error_with_bad_input"/>
    <testcase time="0.00499999999999545" classname="validation" name="obtainDesign_returns_appropriate_error_with_bad_input"/>
    <testcase time="0.00499999999999545" classname="validation" name="obtainDesign_returns_appropriate_error_with_bad_input"/>
    <testcase time="0.00500000000002387" classname="validation" name="obtainDesign_returns_appropriate_error_with_bad_input"/>
    <testcase time="0.00699999999997658" classname="validation" name="obtainDesign_returns_appropriate_error_with_bad_input"/>
    <testcase time="0.00500000000002387" classname="validation" name="obtainDesign_returns_appropriate_error_with_bad_input"/>
    <testcase time="0.00399999999999068" classname="validation" name="obtainDesign_returns_appropriate_error_with_bad_input"/>
    <testcase time="0.007000000000005" classname="validation" name="obtainDesign_returns_appropriate_error_with_bad_input"/>
    <testcase time="0.00899999999998613" classname="validation" name="powerPlot_returns_appropriate_error_with_bad_input"/>
    <testcase time="0.00900000000001455" classname="validation" name="powerPlot_returns_appropriate_error_with_bad_input"/>
  </testsuite>
</testsuites>
